2025-11-03 18:26:00 | DEBUG | repo=pv243-javaee-7 | action=commit
2025-07-20 07:43:00 | INFO | repo=pv243-javaee-7 | action=pull
2025-03-28 09:32:00 | WARN | repo=pv243-javaee-7 | action=commit
2025-09-03 07:03:00 | DEBUG | repo=pv243-javaee-7 | action=test | passed=true
2025-04-24 21:07:00 | INFO | repo=pv243-javaee-7 | action=commit
2025-12-08 18:42:00 | INFO | repo=pv243-javaee-7 | action=commit
2025-12-23 18:04:00 | INFO | repo=pv243-javaee-7 | action=commit
2025-05-11 20:00:00 | DEBUG | repo=pv243-javaee-7 | action=commit
2025-12-06 11:39:00 | INFO | repo=pv243-javaee-7 | action=commit
2025-01-03 12:57:00 | INFO | repo=pv243-javaee-7 | action=commit
2025-02-14 08:45:00 | WARN | repo=pv243-javaee-7 | action=commit
2025-02-15 18:05:00 | DEBUG | repo=pv243-javaee-7 | action=pull
2025-01-19 17:06:00 | WARN | repo=pv243-javaee-7 | action=commit
2025-03-20 15:33:00 | DEBUG | repo=pv243-javaee-7 | action=pull
2025-08-14 19:14:00 | INFO | repo=pv243-javaee-7 | action=edit | files=2
2025-07-06 21:23:00 | INFO | repo=pv243-javaee-7 | action=commit
2025-11-17 14:28:00 | WARN | repo=pv243-javaee-7 | action=edit | files=1
2025-06-19 08:07:00 | INFO | repo=pv243-javaee-7 | action=commit
2025-08-24 12:25:00 | INFO | repo=pv243-javaee-7 | action=commit
2025-10-01 19:24:00 | INFO | repo=pv243-javaee-7 | action=commit
2025-07-01 12:09:00 | DEBUG | repo=pv243-javaee-7 | action=commit
2025-02-15 09:27:00 | WARN | repo=pv243-javaee-7 | action=commit
2025-07-27 15:45:00 | INFO | repo=pv243-javaee-7 | action=commit
2025-09-05 17:41:00 | WARN | repo=pv243-javaee-7 | action=commit
2025-12-17 14:34:00 | INFO | repo=pv243-javaee-7 | action=test | passed=true
2025-07-22 07:06:00 | WARN | repo=pv243-javaee-7 | action=commit
2025-06-16 21:21:00 | INFO | repo=pv243-javaee-7 | action=pull
2025-05-22 13:11:00 | INFO | repo=pv243-javaee-7 | action=pull
2025-01-04 19:45:00 | INFO | repo=pv243-javaee-7 | action=commit
2025-03-28 12:57:00 | WARN | repo=pv243-javaee-7 | action=commit
2025-04-02 08:24:00 | WARN | repo=pv243-javaee-7 | action=commit
2025-05-15 14:34:00 | WARN | repo=pv243-javaee-7 | action=commit
2025-10-04 11:24:00 | WARN | repo=pv243-javaee-7 | action=commit
2025-06-04 07:22:00 | WARN | repo=pv243-javaee-7 | action=edit | files=5
2025-11-11 08:58:00 | INFO | repo=pv243-javaee-7 | action=pull
2025-12-15 08:31:00 | DEBUG | repo=pv243-javaee-7 | action=commit
2025-06-02 07:00:00 | DEBUG | repo=pv243-javaee-7 | action=commit
2025-03-05 08:50:00 | INFO | repo=pv243-javaee-7 | action=test | passed=true
2025-06-19 20:14:00 | DEBUG | repo=pv243-javaee-7 | action=pull
2025-07-07 15:24:00 | DEBUG | repo=pv243-javaee-7 | action=commit
2025-04-23 08:30:00 | INFO | repo=pv243-javaee-7 | action=pull
2025-10-01 13:15:00 | DEBUG | repo=pv243-javaee-7 | action=pull
2025-02-14 17:43:00 | DEBUG | repo=pv243-javaee-7 | action=pull
2025-07-13 18:27:00 | WARN | repo=pv243-javaee-7 | action=commit
2025-03-11 07:39:00 | INFO | repo=pv243-javaee-7 | action=test | passed=true
2025-11-11 20:35:00 | DEBUG | repo=pv243-javaee-7 | action=commit
2025-07-22 13:13:00 | WARN | repo=pv243-javaee-7 | action=commit
2025-08-01 08:14:00 | INFO | repo=pv243-javaee-7 | action=commit
2025-12-16 18:50:00 | INFO | repo=pv243-javaee-7 | action=test | passed=true
2025-08-28 08:43:00 | INFO | repo=pv243-javaee-7 | action=commit
